<?xml version="1.0" encoding="UTF-8"?>
<testsuite xmlns:xsi="http://www.w3.org/2001/XMLSchema-instance" xsi:noNamespaceSchemaLocation="https://maven.apache.org/surefire/maven-surefire-plugin/xsd/surefire-test-report.xsd" name="com.example.demo.controllers.OrderControllerTest" time="13.202" tests="7" errors="0" skipped="0" failures="0">
  <properties>
[...]
</properties>
  <testcase name="getItemsByName" classname="com.example.demo.controllers.OrderControllerTest" time="0.336"/>
  <testcase name="getItemById" classname="com.example.demo.controllers.OrderControllerTest" time="0.291"/>
  <testcase name="addTocart" classname="com.example.demo.controllers.OrderControllerTest" time="0.839"/>
  <testcase name="submitOrder" classname="com.example.demo.controllers.OrderControllerTest" time="0.494"/>
  <testcase name="getOrdersForUser" classname="com.example.demo.controllers.OrderControllerTest" time="0.413"/>
  <testcase name="removeFromcart" classname="com.example.demo.controllers.OrderControllerTest" time="0.562"/>
  <testcase name="getItems" classname="com.example.demo.controllers.OrderControllerTest" time="0.272"/>
</testsuite>